# JRE version: OpenJDK Runtime Environment Temurin-21.0.5+11 (21.0.5+11) (build 21.0.5+11-LTS)
# Java VM: OpenJDK 64-Bit Server VM Temurin-21.0.5+11 (21.0.5+11-LTS, mixed mode, sharing, tiered, compressed oops, compressed class ptrs, parallel gc, windows-amd64)
GC Precious Log:
 CardTable entry size: 512
 CPUs: 8 total, 8 available
 Memory: 7932M
 Large Page Support: Disabled
 NUMA Support: Disabled
 Compressed Oops: Enabled (32-bit)
 Alignments: Space 512K, Generation 512K, Heap 2M
 Heap Min Capacity: 100M
 Heap Initial Capacity: 100M
 Heap Max Capacity: 1G
 Pre-touch: Disabled
 Parallel Workers: 8
Heap:
 PSYoungGen      total 23040K, used 10581K [0x00000000eab00000, 0x00000000ec800000, 0x0000000100000000)
  eden space 17920K, 31% used [0x00000000eab00000,0x00000000eb08c0a8,0x00000000ebc80000)
  from space 5120K, 95% used [0x00000000ec200000,0x00000000ec6c9630,0x00000000ec700000)
  to   space 5632K, 0% used [0x00000000ebc80000,0x00000000ebc80000,0x00000000ec200000)
 ParOldGen       total 68608K, used 33513K [0x00000000c0000000, 0x00000000c4300000, 0x00000000eab00000)
  object space 68608K, 48% used [0x00000000c0000000,0x00000000c20ba6e0,0x00000000c4300000)
 Metaspace       used 53702K, committed 54848K, reserved 1114112K
  class space    used 5972K, committed 6464K, reserved 1048576K
GC Heap History (20 events):
Event: 35.221 GC heap before
{Heap before GC invocations=19 (full 2):
 PSYoungGen      total 22528K, used 22528K [0x00000000eab00000, 0x00000000ec880000, 0x0000000100000000)
  eden space 22016K, 100% used [0x00000000eab00000,0x00000000ec080000,0x00000000ec080000)
  from space 512K, 100% used [0x00000000ec480000,0x00000000ec500000,0x00000000ec500000)
  to   space 4096K, 0% used [0x00000000ec080000,0x00000000ec080000,0x00000000ec480000)
 ParOldGen       total 68608K, used 20450K [0x00000000c0000000, 0x00000000c4300000, 0x00000000eab00000)
  object space 68608K, 29% used [0x00000000c0000000,0x00000000c13f8af0,0x00000000c4300000)
 Metaspace       used 40597K, committed 41664K, reserved 1114112K
  class space    used 4189K, committed 4608K, reserved 1048576K
}
Event: 35.226 GC heap after
{Heap after GC invocations=19 (full 2):
 PSYoungGen      total 23552K, used 1312K [0x00000000eab00000, 0x00000000ec500000, 0x0000000100000000)
  eden space 22016K, 0% used [0x00000000eab00000,0x00000000eab00000,0x00000000ec080000)
  from space 1536K, 85% used [0x00000000ec080000,0x00000000ec1c8000,0x00000000ec200000)
  to   space 2048K, 0% used [0x00000000ec300000,0x00000000ec300000,0x00000000ec500000)
 ParOldGen       total 68608K, used 20933K [0x00000000c0000000, 0x00000000c4300000, 0x00000000eab00000)
  object space 68608K, 30% used [0x00000000c0000000,0x00000000c1471680,0x00000000c4300000)
 Metaspace       used 40597K, committed 41664K, reserved 1114112K
  class space    used 4189K, committed 4608K, reserved 1048576K
}
Event: 36.083 GC heap before
{Heap before GC invocations=20 (full 2):
 PSYoungGen      total 23552K, used 23328K [0x00000000eab00000, 0x00000000ec500000, 0x0000000100000000)
  eden space 22016K, 100% used [0x00000000eab00000,0x00000000ec080000,0x00000000ec080000)
  from space 1536K, 85% used [0x00000000ec080000,0x00000000ec1c8000,0x00000000ec200000)
  to   space 2048K, 0% used [0x00000000ec300000,0x00000000ec300000,0x00000000ec500000)
 ParOldGen       total 68608K, used 20933K [0x00000000c0000000, 0x00000000c4300000, 0x00000000eab00000)
  object space 68608K, 30% used [0x00000000c0000000,0x00000000c1471680,0x00000000c4300000)
 Metaspace       used 43756K, committed 44736K, reserved 1114112K
  class space    used 4609K, committed 5056K, reserved 1048576K
}
Event: 36.088 GC heap after
{Heap after GC invocations=20 (full 2):
 PSYoungGen      total 23552K, used 1465K [0x00000000eab00000, 0x00000000ec480000, 0x0000000100000000)
  eden space 22016K, 0% used [0x00000000eab00000,0x00000000eab00000,0x00000000ec080000)
  from space 1536K, 95% used [0x00000000ec300000,0x00000000ec46e470,0x00000000ec480000)
  to   space 1536K, 0% used [0x00000000ec080000,0x00000000ec080000,0x00000000ec200000)
 ParOldGen       total 68608K, used 22057K [0x00000000c0000000, 0x00000000c4300000, 0x00000000eab00000)
  object space 68608K, 32% used [0x00000000c0000000,0x00000000c158a6b0,0x00000000c4300000)
 Metaspace       used 43756K, committed 44736K, reserved 1114112K
  class space    used 4609K, committed 5056K, reserved 1048576K
}
Event: 36.966 GC heap before
{Heap before GC invocations=21 (full 2):
 PSYoungGen      total 23552K, used 23481K [0x00000000eab00000, 0x00000000ec480000, 0x0000000100000000)
  eden space 22016K, 100% used [0x00000000eab00000,0x00000000ec080000,0x00000000ec080000)
  from space 1536K, 95% used [0x00000000ec300000,0x00000000ec46e470,0x00000000ec480000)
  to   space 1536K, 0% used [0x00000000ec080000,0x00000000ec080000,0x00000000ec200000)
 ParOldGen       total 68608K, used 22057K [0x00000000c0000000, 0x00000000c4300000, 0x00000000eab00000)
  object space 68608K, 32% used [0x00000000c0000000,0x00000000c158a6b0,0x00000000c4300000)
 Metaspace       used 46319K, committed 47424K, reserved 1114112K
  class space    used 4956K, committed 5440K, reserved 1048576K
}
Event: 36.972 GC heap after
{Heap after GC invocations=21 (full 2):
 PSYoungGen      total 23552K, used 1328K [0x00000000eab00000, 0x00000000ec380000, 0x0000000100000000)
  eden space 22016K, 0% used [0x00000000eab00000,0x00000000eab00000,0x00000000ec080000)
  from space 1536K, 86% used [0x00000000ec080000,0x00000000ec1cc0a0,0x00000000ec200000)
  to   space 1536K, 0% used [0x00000000ec200000,0x00000000ec200000,0x00000000ec380000)
 ParOldGen       total 68608K, used 23347K [0x00000000c0000000, 0x00000000c4300000, 0x00000000eab00000)
  object space 68608K, 34% used [0x00000000c0000000,0x00000000c16ccee8,0x00000000c4300000)
 Metaspace       used 46319K, committed 47424K, reserved 1114112K
  class space    used 4956K, committed 5440K, reserved 1048576K
}
Event: 38.001 GC heap before
{Heap before GC invocations=22 (full 2):
 PSYoungGen      total 23552K, used 23344K [0x00000000eab00000, 0x00000000ec380000, 0x0000000100000000)
  eden space 22016K, 100% used [0x00000000eab00000,0x00000000ec080000,0x00000000ec080000)
  from space 1536K, 86% used [0x00000000ec080000,0x00000000ec1cc0a0,0x00000000ec200000)
  to   space 1536K, 0% used [0x00000000ec200000,0x00000000ec200000,0x00000000ec380000)
 ParOldGen       total 68608K, used 23347K [0x00000000c0000000, 0x00000000c4300000, 0x00000000eab00000)
  object space 68608K, 34% used [0x00000000c0000000,0x00000000c16ccee8,0x00000000c4300000)
 Metaspace       used 48834K, committed 49920K, reserved 1114112K
  class space    used 5244K, committed 5696K, reserved 1048576K
}
Event: 38.007 GC heap after
{Heap after GC invocations=22 (full 2):
 PSYoungGen      total 21504K, used 1536K [0x00000000eab00000, 0x00000000ec780000, 0x0000000100000000)
  eden space 19968K, 0% used [0x00000000eab00000,0x00000000eab00000,0x00000000ebe80000)
  from space 1536K, 100% used [0x00000000ec200000,0x00000000ec380000,0x00000000ec380000)
  to   space 3584K, 0% used [0x00000000ebe80000,0x00000000ebe80000,0x00000000ec200000)
 ParOldGen       total 68608K, used 24911K [0x00000000c0000000, 0x00000000c4300000, 0x00000000eab00000)
  object space 68608K, 36% used [0x00000000c0000000,0x00000000c1853f28,0x00000000c4300000)
 Metaspace       used 48834K, committed 49920K, reserved 1114112K
  class space    used 5244K, committed 5696K, reserved 1048576K
}
Event: 38.240 GC heap before
{Heap before GC invocations=23 (full 2):
 PSYoungGen      total 21504K, used 21504K [0x00000000eab00000, 0x00000000ec780000, 0x0000000100000000)
  eden space 19968K, 100% used [0x00000000eab00000,0x00000000ebe80000,0x00000000ebe80000)
  from space 1536K, 100% used [0x00000000ec200000,0x00000000ec380000,0x00000000ec380000)
  to   space 3584K, 0% used [0x00000000ebe80000,0x00000000ebe80000,0x00000000ec200000)
 ParOldGen       total 68608K, used 24911K [0x00000000c0000000, 0x00000000c4300000, 0x00000000eab00000)
  object space 68608K, 36% used [0x00000000c0000000,0x00000000c1853f28,0x00000000c4300000)
 Metaspace       used 49048K, committed 50048K, reserved 1114112K
  class space    used 5259K, committed 5696K, reserved 1048576K
}
Event: 38.244 GC heap after
{Heap after GC invocations=23 (full 2):
 PSYoungGen      total 20480K, used 512K [0x00000000eab00000, 0x00000000ec280000, 0x0000000100000000)
  eden space 19968K, 0% used [0x00000000eab00000,0x00000000eab00000,0x00000000ebe80000)
  from space 512K, 100% used [0x00000000ebe80000,0x00000000ebf00000,0x00000000ebf00000)
  to   space 1536K, 0% used [0x00000000ec100000,0x00000000ec100000,0x00000000ec280000)
 ParOldGen       total 68608K, used 26292K [0x00000000c0000000, 0x00000000c4300000, 0x00000000eab00000)
  object space 68608K, 38% used [0x00000000c0000000,0x00000000c19ad358,0x00000000c4300000)
 Metaspace       used 49048K, committed 50048K, reserved 1114112K
  class space    used 5259K, committed 5696K, reserved 1048576K
}
Event: 38.331 GC heap before
{Heap before GC invocations=24 (full 2):
 PSYoungGen      total 20480K, used 20479K [0x00000000eab00000, 0x00000000ec280000, 0x0000000100000000)
  eden space 19968K, 99% used [0x00000000eab00000,0x00000000ebe7fff8,0x00000000ebe80000)
  from space 512K, 100% used [0x00000000ebe80000,0x00000000ebf00000,0x00000000ebf00000)
  to   space 1536K, 0% used [0x00000000ec100000,0x00000000ec100000,0x00000000ec280000)
 ParOldGen       total 68608K, used 26292K [0x00000000c0000000, 0x00000000c4300000, 0x00000000eab00000)
  object space 68608K, 38% used [0x00000000c0000000,0x00000000c19ad358,0x00000000c4300000)
 Metaspace       used 49058K, committed 50112K, reserved 1114112K
  class space    used 5259K, committed 5696K, reserved 1048576K
}
Event: 38.334 GC heap after
{Heap after GC invocations=24 (full 2):
 PSYoungGen      total 19968K, used 1536K [0x00000000eab00000, 0x00000000ec680000, 0x0000000100000000)
  eden space 18432K, 0% used [0x00000000eab00000,0x00000000eab00000,0x00000000ebd00000)
  from space 1536K, 100% used [0x00000000ec100000,0x00000000ec280000,0x00000000ec280000)
  to   space 4096K, 0% used [0x00000000ebd00000,0x00000000ebd00000,0x00000000ec100000)
 ParOldGen       total 68608K, used 28081K [0x00000000c0000000, 0x00000000c4300000, 0x00000000eab00000)
  object space 68608K, 40% used [0x00000000c0000000,0x00000000c1b6c680,0x00000000c4300000)
 Metaspace       used 49058K, committed 50112K, reserved 1114112K
  class space    used 5259K, committed 5696K, reserved 1048576K
}
Event: 40.041 GC heap before
{Heap before GC invocations=25 (full 2):
 PSYoungGen      total 19968K, used 19968K [0x00000000eab00000, 0x00000000ec680000, 0x0000000100000000)
  eden space 18432K, 100% used [0x00000000eab00000,0x00000000ebd00000,0x00000000ebd00000)
  from space 1536K, 100% used [0x00000000ec100000,0x00000000ec280000,0x00000000ec280000)
  to   space 4096K, 0% used [0x00000000ebd00000,0x00000000ebd00000,0x00000000ec100000)
 ParOldGen       total 68608K, used 28081K [0x00000000c0000000, 0x00000000c4300000, 0x00000000eab00000)
  object space 68608K, 40% used [0x00000000c0000000,0x00000000c1b6c680,0x00000000c4300000)
 Metaspace       used 49938K, committed 51072K, reserved 1114112K
  class space    used 5347K, committed 5824K, reserved 1048576K
}
Event: 40.046 GC heap after
{Heap after GC invocations=25 (full 2):
 PSYoungGen      total 19968K, used 1184K [0x00000000eab00000, 0x00000000ec180000, 0x0000000100000000)
  eden space 18432K, 0% used [0x00000000eab00000,0x00000000eab00000,0x00000000ebd00000)
  from space 1536K, 77% used [0x00000000ebd00000,0x00000000ebe28000,0x00000000ebe80000)
  to   space 2048K, 0% used [0x00000000ebf80000,0x00000000ebf80000,0x00000000ec180000)
 ParOldGen       total 68608K, used 28225K [0x00000000c0000000, 0x00000000c4300000, 0x00000000eab00000)
  object space 68608K, 41% used [0x00000000c0000000,0x00000000c1b906c8,0x00000000c4300000)
 Metaspace       used 49938K, committed 51072K, reserved 1114112K
  class space    used 5347K, committed 5824K, reserved 1048576K
}
Event: 41.340 GC heap before
{Heap before GC invocations=26 (full 2):
 PSYoungGen      total 19968K, used 19616K [0x00000000eab00000, 0x00000000ec180000, 0x0000000100000000)
  eden space 18432K, 100% used [0x00000000eab00000,0x00000000ebd00000,0x00000000ebd00000)
  from space 1536K, 77% used [0x00000000ebd00000,0x00000000ebe28000,0x00000000ebe80000)
  to   space 2048K, 0% used [0x00000000ebf80000,0x00000000ebf80000,0x00000000ec180000)
 ParOldGen       total 68608K, used 28225K [0x00000000c0000000, 0x00000000c4300000, 0x00000000eab00000)
  object space 68608K, 41% used [0x00000000c0000000,0x00000000c1b906c8,0x00000000c4300000)
 Metaspace       used 50426K, committed 51520K, reserved 1114112K
  class space    used 5424K, committed 5888K, reserved 1048576K
}
Event: 41.346 GC heap after
{Heap after GC invocations=26 (full 2):
 PSYoungGen      total 18944K, used 352K [0x00000000eab00000, 0x00000000ec000000, 0x0000000100000000)
  eden space 18432K, 0% used [0x00000000eab00000,0x00000000eab00000,0x00000000ebd00000)
  from space 512K, 68% used [0x00000000ebf80000,0x00000000ebfd8000,0x00000000ec000000)
  to   space 1024K, 0% used [0x00000000ebe00000,0x00000000ebe00000,0x00000000ebf00000)
 ParOldGen       total 68608K, used 29220K [0x00000000c0000000, 0x00000000c4300000, 0x00000000eab00000)
  object space 68608K, 42% used [0x00000000c0000000,0x00000000c1c893c0,0x00000000c4300000)
 Metaspace       used 50426K, committed 51520K, reserved 1114112K
  class space    used 5424K, committed 5888K, reserved 1048576K
}
Event: 42.233 GC heap before
{Heap before GC invocations=27 (full 2):
 PSYoungGen      total 18944K, used 17543K [0x00000000eab00000, 0x00000000ec000000, 0x0000000100000000)
  eden space 18432K, 93% used [0x00000000eab00000,0x00000000ebbc9c58,0x00000000ebd00000)
  from space 512K, 68% used [0x00000000ebf80000,0x00000000ebfd8000,0x00000000ec000000)
  to   space 1024K, 0% used [0x00000000ebe00000,0x00000000ebe00000,0x00000000ebf00000)
 ParOldGen       total 68608K, used 29220K [0x00000000c0000000, 0x00000000c4300000, 0x00000000eab00000)
  object space 68608K, 42% used [0x00000000c0000000,0x00000000c1c893c0,0x00000000c4300000)
 Metaspace       used 51880K, committed 52992K, reserved 1114112K
  class space    used 5655K, committed 6144K, reserved 1048576K
}
Event: 42.236 GC heap after
{Heap after GC invocations=27 (full 2):
 PSYoungGen      total 19456K, used 1009K [0x00000000eab00000, 0x00000000ec700000, 0x0000000100000000)
  eden space 18432K, 0% used [0x00000000eab00000,0x00000000eab00000,0x00000000ebd00000)
  from space 1024K, 98% used [0x00000000ebe00000,0x00000000ebefc5e0,0x00000000ebf00000)
  to   space 5120K, 0% used [0x00000000ec200000,0x00000000ec200000,0x00000000ec700000)
 ParOldGen       total 68608K, used 32210K [0x00000000c0000000, 0x00000000c4300000, 0x00000000eab00000)
  object space 68608K, 46% used [0x00000000c0000000,0x00000000c1f74830,0x00000000c4300000)
 Metaspace       used 51880K, committed 52992K, reserved 1114112K
  class space    used 5655K, committed 6144K, reserved 1048576K
}
Event: 42.859 GC heap before
{Heap before GC invocations=28 (full 2):
 PSYoungGen      total 19456K, used 19441K [0x00000000eab00000, 0x00000000ec700000, 0x0000000100000000)
  eden space 18432K, 100% used [0x00000000eab00000,0x00000000ebd00000,0x00000000ebd00000)
  from space 1024K, 98% used [0x00000000ebe00000,0x00000000ebefc5e0,0x00000000ebf00000)
  to   space 5120K, 0% used [0x00000000ec200000,0x00000000ec200000,0x00000000ec700000)
 ParOldGen       total 68608K, used 32210K [0x00000000c0000000, 0x00000000c4300000, 0x00000000eab00000)
  object space 68608K, 46% used [0x00000000c0000000,0x00000000c1f74830,0x00000000c4300000)
 Metaspace       used 53296K, committed 54400K, reserved 1114112K
  class space    used 5888K, committed 6336K, reserved 1048576K
}
Event: 42.863 GC heap after
{Heap after GC invocations=28 (full 2):
 PSYoungGen      total 23040K, used 4901K [0x00000000eab00000, 0x00000000ec800000, 0x0000000100000000)
  eden space 17920K, 0% used [0x00000000eab00000,0x00000000eab00000,0x00000000ebc80000)
  from space 5120K, 95% used [0x00000000ec200000,0x00000000ec6c9630,0x00000000ec700000)
  to   space 5632K, 0% used [0x00000000ebc80000,0x00000000ebc80000,0x00000000ec200000)
 ParOldGen       total 68608K, used 33513K [0x00000000c0000000, 0x00000000c4300000, 0x00000000eab00000)
  object space 68608K, 48% used [0x00000000c0000000,0x00000000c20ba6e0,0x00000000c4300000)
 Metaspace       used 53296K, committed 54400K, reserved 1114112K
  class space    used 5888K, committed 6336K, reserved 1048576K
}

